<?xml version="1.0" encoding="utf-8"?><testsuites name="pytest tests"><testsuite name="pytest" errors="0" failures="0" skipped="0" tests="11" time="32.474" timestamp="2026-05-08T16:09:22.717817+00:00" hostname="agent-env-cd0710ad-bac3-4a17-a571-14031f42424a"><testcase classname="backend.tests.test_new_features" name="test_diarize_short_returns_400" time="0.266" /><testcase classname="backend.tests.test_new_features" name="test_diarize_empty_returns_400" time="0.132" /><testcase classname="backend.tests.test_new_features" name="test_diarize_labels_speakers" time="3.941" /><testcase classname="backend.tests.test_new_features" name="test_analyze_raw_transcript_auto_diarizes_and_returns_talk_ratio" time="15.062" /><testcase classname="backend.tests.test_new_features" name="test_analyze_already_diarized_preserves_and_computes_ratio" time="10.795" /><testcase classname="backend.tests.test_new_features" name="test_list_evaluations_includes_new_fields" time="0.241" /><testcase classname="backend.tests.test_new_features" name="test_leaderboard_structure_and_sort" time="0.142" /><testcase classname="backend.tests.test_new_features" name="test_transcribe_audio_unsupported_extension_400" time="0.155" /><testcase classname="backend.tests.test_new_features" name="test_transcribe_audio_empty_file_400" time="0.138" /><testcase classname="backend.tests.test_new_features" name="test_transcribe_audio_small_wav_returns_200_or_502" time="1.267" /><testcase classname="backend.tests.test_new_features" name="test_cleanup_created" time="0.254" /></testsuite></testsuites>