<?xml version="1.0" encoding="utf-8"?><testsuites name="pytest tests"><testsuite name="pytest" errors="0" failures="0" skipped="0" tests="9" time="19.899" timestamp="2026-05-06T13:11:59.530236+00:00" hostname="agent-env-cd0710ad-bac3-4a17-a571-14031f42424a"><testcase classname="backend.tests.test_bpo_qa" name="test_root" time="0.660" /><testcase classname="backend.tests.test_bpo_qa" name="test_analyze_short_transcript_returns_400" time="0.178" /><testcase classname="backend.tests.test_bpo_qa" name="test_analyze_empty_transcript_returns_400" time="0.381" /><testcase classname="backend.tests.test_bpo_qa" name="test_analyze_full_schema_and_persistence" time="14.937" /><testcase classname="backend.tests.test_bpo_qa" name="test_list_evaluations_no_objectid_and_sorted" time="0.916" /><testcase classname="backend.tests.test_bpo_qa" name="test_get_evaluation_404" time="0.144" /><testcase classname="backend.tests.test_bpo_qa" name="test_analytics_summary" time="1.328" /><testcase classname="backend.tests.test_bpo_qa" name="test_upload_transcript_txt" time="0.688" /><testcase classname="backend.tests.test_bpo_qa" name="test_delete_evaluation_and_404_on_missing" time="0.540" /></testsuite></testsuites>